<?xml version="1.0" encoding="UTF-8"?>
<!-- Generated by org.testng.reporters.JUnitReportReporter -->
<testsuite hostname="LAPTOP-2AVL433R" failures="0" tests="7" name="com.webapplication.test.group.BrowserSpecificGroupTest" time="42.722" errors="0" timestamp="2021-11-09T01:21:29 IST" skipped="0">
  <testcase classname="com.webapplication.test.group.BrowserSpecificGroupTest" name="testFacebookHomePage" time="3.124"/>
  <system-out/>
  <testcase classname="com.webapplication.test.group.BrowserSpecificGroupTest" name="lauchChromeTest" time="9.312"/>
  <system-out/>
  <testcase classname="com.webapplication.test.group.BrowserSpecificGroupTest" name="testAmazonHomepage" time="0.018"/>
  <system-out/>
  <testcase classname="com.webapplication.test.group.BrowserSpecificGroupTest" name="lauchFireFoxTest" time="17.072"/>
  <system-out/>
  <testcase classname="com.webapplication.test.group.BrowserSpecificGroupTest" name="testFacebookloginTest" time="5.148"/>
  <system-out/>
  <testcase classname="com.webapplication.test.group.BrowserSpecificGroupTest" name="testHompageSource" time="0.007"/>
  <system-out/>
  <testcase classname="com.webapplication.test.group.BrowserSpecificGroupTest" name="testSearch1" time="8.041"/>
  <system-out/>
</testsuite> <!-- com.webapplication.test.group.BrowserSpecificGroupTest -->
