<?xml version="1.0" encoding="UTF-8"?>
<!-- Generated by org.testng.reporters.JUnitReportReporter -->
<testsuite hostname="LAPTOP-2AVL433R" failures="0" tests="2" name="com.webapplication.test.amazon.AmazonSearchTest" time="19.615" errors="0" timestamp="2021-11-09T01:21:29 IST" skipped="0">
  <testcase classname="com.webapplication.test.amazon.AmazonSearchTest" name="testAmazonHomepage" time="9.534"/>
  <system-out/>
  <testcase classname="com.webapplication.test.amazon.AmazonSearchTest" name="testHompageSource" time="10.081"/>
  <system-out/>
</testsuite> <!-- com.webapplication.test.amazon.AmazonSearchTest -->
