<?xml version="1.0" encoding="UTF-8"?>
<!-- Generated by org.testng.reporters.JUnitReportReporter -->
<testsuite hostname="LAPTOP-2AVL433R" failures="0" tests="2" name="com.webapplication.test.amazon.AmazonHomepageTest" time="28.952" errors="0" timestamp="2021-11-09T01:21:29 IST" skipped="0">
  <testcase classname="com.webapplication.test.amazon.AmazonHomepageTest" name="testSearch2" time="15.405"/>
  <system-out/>
  <testcase classname="com.webapplication.test.amazon.AmazonHomepageTest" name="testSearch1" time="13.547"/>
  <system-out/>
</testsuite> <!-- com.webapplication.test.amazon.AmazonHomepageTest -->
