<?xml version="1.0" encoding="UTF-8"?>
<!-- Generated by org.testng.reporters.JUnitReportReporter -->
<testsuite hostname="LAPTOP-2AVL433R" failures="0" tests="3" name="com.webapplication.test.TestNgStandardAnnotatedMethods" time="0.016" errors="0" timestamp="2021-11-09T00:29:08 IST" skipped="0">
  <testcase classname="com.webapplication.test.TestNgStandardAnnotatedMethods" name="testThree" time="0.002"/>
  <system-out/>
  <testcase classname="com.webapplication.test.TestNgStandardAnnotatedMethods" name="testOne" time="0.013"/>
  <system-out/>
  <testcase classname="com.webapplication.test.TestNgStandardAnnotatedMethods" name="testTwo" time="0.001"/>
  <system-out/>
</testsuite> <!-- com.webapplication.test.TestNgStandardAnnotatedMethods -->
