<?xml version="1.0" encoding="UTF-8"?>
<!-- Generated by org.testng.reporters.JUnitReportReporter -->
<testsuite hostname="LAPTOP-2AVL433R" failures="0" tests="2" name="com.webapplication.test.facebook.FacebookLoginTest" time="21.036" errors="0" timestamp="2021-11-09T01:21:29 IST" skipped="0">
  <testcase classname="com.webapplication.test.facebook.FacebookLoginTest" name="testFacebookHomePage" time="12.426"/>
  <system-out/>
  <testcase classname="com.webapplication.test.facebook.FacebookLoginTest" name="testFacebookloginTest" time="8.610"/>
  <system-out/>
</testsuite> <!-- com.webapplication.test.facebook.FacebookLoginTest -->
